# JRE version: OpenJDK Runtime Environment GraalVM CE 22.3.0 (17.0.5+8) (build 17.0.5+8-jvmci-22.3-b08)
# Java VM: OpenJDK 64-Bit Server VM GraalVM CE 22.3.0 (17.0.5+8-jvmci-22.3-b08, mixed mode, sharing, tiered, jvmci, jvmci compiler, compressed oops, compressed class ptrs, parallel gc, linux-amd64)
GC Precious Log:
 CPUs: 8 total, 1 available
 Memory: 1024M
 Large Page Support: Disabled
 NUMA Support: Disabled
 Compressed Oops: Enabled (32-bit)
 Alignments: Space 512K, Generation 512K, Heap 2M
 Heap Min Capacity: 100M
 Heap Initial Capacity: 100M
 Heap Max Capacity: 512M
 Pre-touch: Disabled
 Parallel Workers: 1
Heap:
 PSYoungGen      total 43008K, used 32255K [0x00000000f5580000, 0x00000000fac80000, 0x0000000100000000)
  eden space 32256K, 99% used [0x00000000f5580000,0x00000000f74ffff0,0x00000000f7500000)
  from space 10752K, 0% used [0x00000000f7500000,0x00000000f7500000,0x00000000f7f80000)
  to   space 25600K, 0% used [0x00000000f9380000,0x00000000f9380000,0x00000000fac80000)
 ParOldGen       total 349696K, used 349695K [0x00000000e0000000, 0x00000000f5580000, 0x00000000f5580000)
  object space 349696K, 99% used [0x00000000e0000000,0x00000000f557fff0,0x00000000f5580000)
 Metaspace       used 54398K, committed 55296K, reserved 1105920K
  class space    used 5423K, committed 5824K, reserved 1048576K
GC Heap History (20 events):
Event: 437.609 GC heap before
{Heap before GC invocations=356 (full 270):
 PSYoungGen      total 43008K, used 32256K [0x00000000f5580000, 0x00000000fac80000, 0x0000000100000000)
  eden space 32256K, 100% used [0x00000000f5580000,0x00000000f7500000,0x00000000f7500000)
  from space 10752K, 0% used [0x00000000f7500000,0x00000000f7500000,0x00000000f7f80000)
  to   space 25600K, 0% used [0x00000000f9380000,0x00000000f9380000,0x00000000fac80000)
 ParOldGen       total 349696K, used 349695K [0x00000000e0000000, 0x00000000f5580000, 0x00000000f5580000)
  object space 349696K, 99% used [0x00000000e0000000,0x00000000f557fff8,0x00000000f5580000)
 Metaspace       used 54397K, committed 55296K, reserved 1105920K
  class space    used 5423K, committed 5824K, reserved 1048576K
}
Event: 440.455 GC heap after
{Heap after GC invocations=356 (full 270):
 PSYoungGen      total 57856K, used 32255K [0x00000000f5580000, 0x00000000fac80000, 0x0000000100000000)
  eden space 32256K, 99% used [0x00000000f5580000,0x00000000f74fffd0,0x00000000f7500000)
  from space 25600K, 0% used [0x00000000f9380000,0x00000000f9380000,0x00000000fac80000)
  to   space 10752K, 0% used [0x00000000f7500000,0x00000000f7500000,0x00000000f7f80000)
 ParOldGen       total 349696K, used 349695K [0x00000000e0000000, 0x00000000f5580000, 0x00000000f5580000)
  object space 349696K, 99% used [0x00000000e0000000,0x00000000f557fff8,0x00000000f5580000)
 Metaspace       used 54397K, committed 55296K, reserved 1105920K
  class space    used 5423K, committed 5824K, reserved 1048576K
}
Event: 440.455 GC heap before
{Heap before GC invocations=357 (full 271):
 PSYoungGen      total 57856K, used 32256K [0x00000000f5580000, 0x00000000fac80000, 0x0000000100000000)
  eden space 32256K, 100% used [0x00000000f5580000,0x00000000f7500000,0x00000000f7500000)
  from space 25600K, 0% used [0x00000000f9380000,0x00000000f9380000,0x00000000fac80000)
  to   space 10752K, 0% used [0x00000000f7500000,0x00000000f7500000,0x00000000f7f80000)
 ParOldGen       total 349696K, used 349695K [0x00000000e0000000, 0x00000000f5580000, 0x00000000f5580000)
  object space 349696K, 99% used [0x00000000e0000000,0x00000000f557fff8,0x00000000f5580000)
 Metaspace       used 54397K, committed 55296K, reserved 1105920K
  class space    used 5423K, committed 5824K, reserved 1048576K
}
Event: 442.534 GC heap after
{Heap after GC invocations=357 (full 271):
 PSYoungGen      total 43008K, used 32255K [0x00000000f5580000, 0x00000000fac80000, 0x0000000100000000)
  eden space 32256K, 99% used [0x00000000f5580000,0x00000000f74fffd0,0x00000000f7500000)
  from space 10752K, 0% used [0x00000000f7500000,0x00000000f7500000,0x00000000f7f80000)
  to   space 25600K, 0% used [0x00000000f9380000,0x00000000f9380000,0x00000000fac80000)
 ParOldGen       total 349696K, used 349695K [0x00000000e0000000, 0x00000000f5580000, 0x00000000f5580000)
  object space 349696K, 99% used [0x00000000e0000000,0x00000000f557fff8,0x00000000f5580000)
 Metaspace       used 54397K, committed 55296K, reserved 1105920K
  class space    used 5423K, committed 5824K, reserved 1048576K
}
Event: 442.534 GC heap before
{Heap before GC invocations=358 (full 272):
 PSYoungGen      total 43008K, used 32256K [0x00000000f5580000, 0x00000000fac80000, 0x0000000100000000)
  eden space 32256K, 100% used [0x00000000f5580000,0x00000000f7500000,0x00000000f7500000)
  from space 10752K, 0% used [0x00000000f7500000,0x00000000f7500000,0x00000000f7f80000)
  to   space 25600K, 0% used [0x00000000f9380000,0x00000000f9380000,0x00000000fac80000)
 ParOldGen       total 349696K, used 349695K [0x00000000e0000000, 0x00000000f5580000, 0x00000000f5580000)
  object space 349696K, 99% used [0x00000000e0000000,0x00000000f557fff8,0x00000000f5580000)
 Metaspace       used 54397K, committed 55296K, reserved 1105920K
  class space    used 5423K, committed 5824K, reserved 1048576K
}
Event: 444.446 GC heap after
{Heap after GC invocations=358 (full 272):
 PSYoungGen      total 57856K, used 32255K [0x00000000f5580000, 0x00000000fac80000, 0x0000000100000000)
  eden space 32256K, 99% used [0x00000000f5580000,0x00000000f74fffd0,0x00000000f7500000)
  from space 25600K, 0% used [0x00000000f9380000,0x00000000f9380000,0x00000000fac80000)
  to   space 10752K, 0% used [0x00000000f7500000,0x00000000f7500000,0x00000000f7f80000)
 ParOldGen       total 349696K, used 349695K [0x00000000e0000000, 0x00000000f5580000, 0x00000000f5580000)
  object space 349696K, 99% used [0x00000000e0000000,0x00000000f557ffd8,0x00000000f5580000)
 Metaspace       used 54397K, committed 55296K, reserved 1105920K
  class space    used 5423K, committed 5824K, reserved 1048576K
}
Event: 444.447 GC heap before
{Heap before GC invocations=359 (full 273):
 PSYoungGen      total 57856K, used 32256K [0x00000000f5580000, 0x00000000fac80000, 0x0000000100000000)
  eden space 32256K, 100% used [0x00000000f5580000,0x00000000f7500000,0x00000000f7500000)
  from space 25600K, 0% used [0x00000000f9380000,0x00000000f9380000,0x00000000fac80000)
  to   space 10752K, 0% used [0x00000000f7500000,0x00000000f7500000,0x00000000f7f80000)
 ParOldGen       total 349696K, used 349695K [0x00000000e0000000, 0x00000000f5580000, 0x00000000f5580000)
  object space 349696K, 99% used [0x00000000e0000000,0x00000000f557ffd8,0x00000000f5580000)
 Metaspace       used 54397K, committed 55296K, reserved 1105920K
  class space    used 5423K, committed 5824K, reserved 1048576K
}
Event: 446.560 GC heap after
{Heap after GC invocations=359 (full 273):
 PSYoungGen      total 43008K, used 32255K [0x00000000f5580000, 0x00000000fac80000, 0x0000000100000000)
  eden space 32256K, 99% used [0x00000000f5580000,0x00000000f74ffff0,0x00000000f7500000)
  from space 10752K, 0% used [0x00000000f7500000,0x00000000f7500000,0x00000000f7f80000)
  to   space 25600K, 0% used [0x00000000f9380000,0x00000000f9380000,0x00000000fac80000)
 ParOldGen       total 349696K, used 349695K [0x00000000e0000000, 0x00000000f5580000, 0x00000000f5580000)
  object space 349696K, 99% used [0x00000000e0000000,0x00000000f557ffd8,0x00000000f5580000)
 Metaspace       used 54397K, committed 55296K, reserved 1105920K
  class space    used 5423K, committed 5824K, reserved 1048576K
}
Event: 446.560 GC heap before
{Heap before GC invocations=360 (full 274):
 PSYoungGen      total 43008K, used 32256K [0x00000000f5580000, 0x00000000fac80000, 0x0000000100000000)
  eden space 32256K, 100% used [0x00000000f5580000,0x00000000f7500000,0x00000000f7500000)
  from space 10752K, 0% used [0x00000000f7500000,0x00000000f7500000,0x00000000f7f80000)
  to   space 25600K, 0% used [0x00000000f9380000,0x00000000f9380000,0x00000000fac80000)
 ParOldGen       total 349696K, used 349695K [0x00000000e0000000, 0x00000000f5580000, 0x00000000f5580000)
  object space 349696K, 99% used [0x00000000e0000000,0x00000000f557ffd8,0x00000000f5580000)
 Metaspace       used 54397K, committed 55296K, reserved 1105920K
  class space    used 5423K, committed 5824K, reserved 1048576K
}
Event: 448.649 GC heap after
{Heap after GC invocations=360 (full 274):
 PSYoungGen      total 57856K, used 32255K [0x00000000f5580000, 0x00000000fac80000, 0x0000000100000000)
  eden space 32256K, 99% used [0x00000000f5580000,0x00000000f74ffff0,0x00000000f7500000)
  from space 25600K, 0% used [0x00000000f9380000,0x00000000f9380000,0x00000000fac80000)
  to   space 10752K, 0% used [0x00000000f7500000,0x00000000f7500000,0x00000000f7f80000)
 ParOldGen       total 349696K, used 349695K [0x00000000e0000000, 0x00000000f5580000, 0x00000000f5580000)
  object space 349696K, 99% used [0x00000000e0000000,0x00000000f557ffd8,0x00000000f5580000)
 Metaspace       used 54397K, committed 55296K, reserved 1105920K
  class space    used 5423K, committed 5824K, reserved 1048576K
}
Event: 448.701 GC heap before
{Heap before GC invocations=361 (full 275):
 PSYoungGen      total 57856K, used 32255K [0x00000000f5580000, 0x00000000fac80000, 0x0000000100000000)
  eden space 32256K, 99% used [0x00000000f5580000,0x00000000f74ffff0,0x00000000f7500000)
  from space 25600K, 0% used [0x00000000f9380000,0x00000000f9380000,0x00000000fac80000)
  to   space 10752K, 0% used [0x00000000f7500000,0x00000000f7500000,0x00000000f7f80000)
 ParOldGen       total 349696K, used 349695K [0x00000000e0000000, 0x00000000f5580000, 0x00000000f5580000)
  object space 349696K, 99% used [0x00000000e0000000,0x00000000f557fff8,0x00000000f5580000)
 Metaspace       used 54397K, committed 55296K, reserved 1105920K
  class space    used 5423K, committed 5824K, reserved 1048576K
}
Event: 450.825 GC heap after
{Heap after GC invocations=361 (full 275):
 PSYoungGen      total 43008K, used 32255K [0x00000000f5580000, 0x00000000fac80000, 0x0000000100000000)
  eden space 32256K, 99% used [0x00000000f5580000,0x00000000f74ffff0,0x00000000f7500000)
  from space 10752K, 0% used [0x00000000f7500000,0x00000000f7500000,0x00000000f7f80000)
  to   space 25600K, 0% used [0x00000000f9380000,0x00000000f9380000,0x00000000fac80000)
 ParOldGen       total 349696K, used 349695K [0x00000000e0000000, 0x00000000f5580000, 0x00000000f5580000)
  object space 349696K, 99% used [0x00000000e0000000,0x00000000f557fff8,0x00000000f5580000)
 Metaspace       used 54397K, committed 55296K, reserved 1105920K
  class space    used 5423K, committed 5824K, reserved 1048576K
}
Event: 450.825 GC heap before
{Heap before GC invocations=362 (full 276):
 PSYoungGen      total 43008K, used 32255K [0x00000000f5580000, 0x00000000fac80000, 0x0000000100000000)
  eden space 32256K, 99% used [0x00000000f5580000,0x00000000f74ffff0,0x00000000f7500000)
  from space 10752K, 0% used [0x00000000f7500000,0x00000000f7500000,0x00000000f7f80000)
  to   space 25600K, 0% used [0x00000000f9380000,0x00000000f9380000,0x00000000fac80000)
 ParOldGen       total 349696K, used 349695K [0x00000000e0000000, 0x00000000f5580000, 0x00000000f5580000)
  object space 349696K, 99% used [0x00000000e0000000,0x00000000f557fff8,0x00000000f5580000)
 Metaspace       used 54397K, committed 55296K, reserved 1105920K
  class space    used 5423K, committed 5824K, reserved 1048576K
}
Event: 452.925 GC heap after
{Heap after GC invocations=362 (full 276):
 PSYoungGen      total 57856K, used 32255K [0x00000000f5580000, 0x00000000fac80000, 0x0000000100000000)
  eden space 32256K, 99% used [0x00000000f5580000,0x00000000f74fff98,0x00000000f7500000)
  from space 25600K, 0% used [0x00000000f9380000,0x00000000f9380000,0x00000000fac80000)
  to   space 10752K, 0% used [0x00000000f7500000,0x00000000f7500000,0x00000000f7f80000)
 ParOldGen       total 349696K, used 349695K [0x00000000e0000000, 0x00000000f5580000, 0x00000000f5580000)
  object space 349696K, 99% used [0x00000000e0000000,0x00000000f557fd70,0x00000000f5580000)
 Metaspace       used 54397K, committed 55296K, reserved 1105920K
  class space    used 5423K, committed 5824K, reserved 1048576K
}
Event: 452.925 GC heap before
{Heap before GC invocations=363 (full 277):
 PSYoungGen      total 57856K, used 32256K [0x00000000f5580000, 0x00000000fac80000, 0x0000000100000000)
  eden space 32256K, 100% used [0x00000000f5580000,0x00000000f7500000,0x00000000f7500000)
  from space 25600K, 0% used [0x00000000f9380000,0x00000000f9380000,0x00000000fac80000)
  to   space 10752K, 0% used [0x00000000f7500000,0x00000000f7500000,0x00000000f7f80000)
 ParOldGen       total 349696K, used 349696K [0x00000000e0000000, 0x00000000f5580000, 0x00000000f5580000)
  object space 349696K, 100% used [0x00000000e0000000,0x00000000f5580000,0x00000000f5580000)
 Metaspace       used 54397K, committed 55296K, reserved 1105920K
  class space    used 5423K, committed 5824K, reserved 1048576K
}
Event: 454.945 GC heap after
{Heap after GC invocations=363 (full 277):
 PSYoungGen      total 43008K, used 32255K [0x00000000f5580000, 0x00000000fac80000, 0x0000000100000000)
  eden space 32256K, 99% used [0x00000000f5580000,0x00000000f74fffe8,0x00000000f7500000)
  from space 10752K, 0% used [0x00000000f7500000,0x00000000f7500000,0x00000000f7f80000)
  to   space 25600K, 0% used [0x00000000f9380000,0x00000000f9380000,0x00000000fac80000)
 ParOldGen       total 349696K, used 349695K [0x00000000e0000000, 0x00000000f5580000, 0x00000000f5580000)
  object space 349696K, 99% used [0x00000000e0000000,0x00000000f557fd90,0x00000000f5580000)
 Metaspace       used 54397K, committed 55296K, reserved 1105920K
  class space    used 5423K, committed 5824K, reserved 1048576K
}
Event: 454.945 GC heap before
{Heap before GC invocations=364 (full 278):
 PSYoungGen      total 43008K, used 32256K [0x00000000f5580000, 0x00000000fac80000, 0x0000000100000000)
  eden space 32256K, 100% used [0x00000000f5580000,0x00000000f7500000,0x00000000f7500000)
  from space 10752K, 0% used [0x00000000f7500000,0x00000000f7500000,0x00000000f7f80000)
  to   space 25600K, 0% used [0x00000000f9380000,0x00000000f9380000,0x00000000fac80000)
 ParOldGen       total 349696K, used 349695K [0x00000000e0000000, 0x00000000f5580000, 0x00000000f5580000)
  object space 349696K, 99% used [0x00000000e0000000,0x00000000f557fee8,0x00000000f5580000)
 Metaspace       used 54397K, committed 55296K, reserved 1105920K
  class space    used 5423K, committed 5824K, reserved 1048576K
}
Event: 457.005 GC heap after
{Heap after GC invocations=364 (full 278):
 PSYoungGen      total 57856K, used 32255K [0x00000000f5580000, 0x00000000fac80000, 0x0000000100000000)
  eden space 32256K, 99% used [0x00000000f5580000,0x00000000f74fff58,0x00000000f7500000)
  from space 25600K, 0% used [0x00000000f9380000,0x00000000f9380000,0x00000000fac80000)
  to   space 10752K, 0% used [0x00000000f7500000,0x00000000f7500000,0x00000000f7f80000)
 ParOldGen       total 349696K, used 349695K [0x00000000e0000000, 0x00000000f5580000, 0x00000000f5580000)
  object space 349696K, 99% used [0x00000000e0000000,0x00000000f557fd68,0x00000000f5580000)
 Metaspace       used 54397K, committed 55296K, reserved 1105920K
  class space    used 5423K, committed 5824K, reserved 1048576K
}
Event: 457.005 GC heap before
{Heap before GC invocations=365 (full 279):
 PSYoungGen      total 57856K, used 32255K [0x00000000f5580000, 0x00000000fac80000, 0x0000000100000000)
  eden space 32256K, 99% used [0x00000000f5580000,0x00000000f74fff58,0x00000000f7500000)
  from space 25600K, 0% used [0x00000000f9380000,0x00000000f9380000,0x00000000fac80000)
  to   space 10752K, 0% used [0x00000000f7500000,0x00000000f7500000,0x00000000f7f80000)
 ParOldGen       total 349696K, used 349695K [0x00000000e0000000, 0x00000000f5580000, 0x00000000f5580000)
  object space 349696K, 99% used [0x00000000e0000000,0x00000000f557fd68,0x00000000f5580000)
 Metaspace       used 54397K, committed 55296K, reserved 1105920K
  class space    used 5423K, committed 5824K, reserved 1048576K
}
Event: 459.217 GC heap after
{Heap after GC invocations=365 (full 279):
 PSYoungGen      total 43008K, used 32255K [0x00000000f5580000, 0x00000000fac80000, 0x0000000100000000)
  eden space 32256K, 99% used [0x00000000f5580000,0x00000000f74fff58,0x00000000f7500000)
  from space 10752K, 0% used [0x00000000f7500000,0x00000000f7500000,0x00000000f7f80000)
  to   space 25600K, 0% used [0x00000000f9380000,0x00000000f9380000,0x00000000fac80000)
 ParOldGen       total 349696K, used 349695K [0x00000000e0000000, 0x00000000f5580000, 0x00000000f5580000)
  object space 349696K, 99% used [0x00000000e0000000,0x00000000f557fd68,0x00000000f5580000)
 Metaspace       used 54397K, committed 55296K, reserved 1105920K
  class space    used 5423K, committed 5824K, reserved 1048576K
}

